0x01530627|C:\Users\Administrator\Documents\Minimalus UI 3.0 Pipeline\working\Minimalus UI 3.0\Altered\GW.EXE_0x01530627.dds
0x030E740B|C:\Users\Administrator\Documents\Minimalus UI 3.0 Pipeline\working\Minimalus UI 3.0\Altered\GW.EXE_0x030E740B.dds
0x03D0D241|C:\Users\Administrator\Documents\Minimalus UI 3.0 Pipeline\working\Minimalus UI 3.0\Altered\GW.EXE_0x03D0D241.dds
0x08797C89|C:\Users\Administrator\Documents\Minimalus UI 3.0 Pipeline\working\Minimalus UI 3.0\Altered\GW.EXE_0x08797C89.dds
0x0B19B995|C:\Users\Administrator\Documents\Minimalus UI 3.0 Pipeline\working\Minimalus UI 3.0\Altered\GW.EXE_0x0B19B995.dds
0x0BE51B7C|C:\Users\Administrator\Documents\Minimalus UI 3.0 Pipeline\working\Minimalus UI 3.0\Altered\GW.EXE_0x0BE51B7C.dds
0x0E5F94CD|C:\Users\Administrator\Documents\Minimalus UI 3.0 Pipeline\working\Minimalus UI 3.0\Altered\GW.EXE_0x0E5F94CD.dds
0x107EF118|C:\Users\Administrator\Documents\Minimalus UI 3.0 Pipeline\working\Minimalus UI 3.0\Altered\GW.EXE_0x107EF118.dds
0x11C1E5BA|C:\Users\Administrator\Documents\Minimalus UI 3.0 Pipeline\working\Minimalus UI 3.0\Altered\GW.EXE_0x11C1E5BA.dds
0x12CDF826|C:\Users\Administrator\Documents\Minimalus UI 3.0 Pipeline\working\Minimalus UI 3.0\Altered\GW.EXE_0x12CDF826.dds
0x18F22DA3|C:\Users\Administrator\Documents\Minimalus UI 3.0 Pipeline\working\Minimalus UI 3.0\Altered\GW.EXE_0x18F22DA3.dds
0x19A188C9|C:\Users\Administrator\Documents\Minimalus UI 3.0 Pipeline\working\Minimalus UI 3.0\Altered\GW.EXE_0x19A188C9.dds
0x1B55C8CC|C:\Users\Administrator\Documents\Minimalus UI 3.0 Pipeline\working\Minimalus UI 3.0\Altered\GW.EXE_0x1B55C8CC.dds
0x1B9D6483|C:\Users\Administrator\Documents\Minimalus UI 3.0 Pipeline\working\Minimalus UI 3.0\Altered\GW.EXE_0x1B9D6483.dds
0x1BD7C0A1|C:\Users\Administrator\Documents\Minimalus UI 3.0 Pipeline\working\Minimalus UI 3.0\Altered\GW.EXE_0x1BD7C0A1.dds
0x1CE1DE6D|C:\Users\Administrator\Documents\Minimalus UI 3.0 Pipeline\working\Minimalus UI 3.0\Altered\GW.EXE_0x1CE1DE6D.dds
0x1DB63CB7|C:\Users\Administrator\Documents\Minimalus UI 3.0 Pipeline\working\Minimalus UI 3.0\Altered\GW.EXE_0x1DB63CB7.dds
0x1E412F1C|C:\Users\Administrator\Documents\Minimalus UI 3.0 Pipeline\working\Minimalus UI 3.0\Altered\GW.EXE_0x1E412F1C.dds
0x1EFF4E48|C:\Users\Administrator\Documents\Minimalus UI 3.0 Pipeline\working\Minimalus UI 3.0\Altered\GW.EXE_0x1EFF4E48.png
0x20B27D7B|C:\Users\Administrator\Documents\Minimalus UI 3.0 Pipeline\working\Minimalus UI 3.0\Altered\GW.EXE_0x20B27D7B.dds
0x21997386|C:\Users\Administrator\Documents\Minimalus UI 3.0 Pipeline\working\Minimalus UI 3.0\Altered\GW.EXE_0x21997386.dds
0x21B3722A|C:\Users\Administrator\Documents\Minimalus UI 3.0 Pipeline\working\Minimalus UI 3.0\Altered\GW.EXE_0x21B3722A.png
0x25DC3519|C:\Users\Administrator\Documents\Minimalus UI 3.0 Pipeline\working\Minimalus UI 3.0\Altered\GW.EXE_0x25DC3519.dds
0x286C49ED|C:\Users\Administrator\Documents\Minimalus UI 3.0 Pipeline\working\Minimalus UI 3.0\Altered\GW.EXE_0x286C49ED.png
0x2D24304D|C:\Users\Administrator\Documents\Minimalus UI 3.0 Pipeline\working\Minimalus UI 3.0\Altered\GW.EXE_0x2D24304D.dds
0x31788E10|C:\Users\Administrator\Documents\Minimalus UI 3.0 Pipeline\working\Minimalus UI 3.0\Altered\Gw_T_0X31788E10.dds
0x35C9ECDD|C:\Users\Administrator\Documents\Minimalus UI 3.0 Pipeline\working\Minimalus UI 3.0\Altered\GW.EXE_0x35C9ECDD.dds
0x36C424D1|C:\Users\Administrator\Documents\Minimalus UI 3.0 Pipeline\working\Minimalus UI 3.0\Altered\GW.EXE_0x36C424D1.dds
0x381345D5|C:\Users\Administrator\Documents\Minimalus UI 3.0 Pipeline\working\Minimalus UI 3.0\Altered\GW.EXE_0x381345D5.dds
0x3A6B8BAA|C:\Users\Administrator\Documents\Minimalus UI 3.0 Pipeline\working\Minimalus UI 3.0\Altered\GW.EXE_0x3A6B8BAA.dds
0x3C793737|C:\Users\Administrator\Documents\Minimalus UI 3.0 Pipeline\working\Minimalus UI 3.0\Altered\GW.EXE_0x3C793737.dds
0x3C8A4B42|C:\Users\Administrator\Documents\Minimalus UI 3.0 Pipeline\working\Minimalus UI 3.0\Altered\GW.EXE_0x3C8A4B42.dds
0x3D902E74|C:\Users\Administrator\Documents\Minimalus UI 3.0 Pipeline\working\Minimalus UI 3.0\Altered\Gw_T_0X3D902E74.dds
0x3F251691|C:\Users\Administrator\Documents\Minimalus UI 3.0 Pipeline\working\Minimalus UI 3.0\Altered\GW.EXE_0x3F251691.dds
0x436D9C4B|C:\Users\Administrator\Documents\Minimalus UI 3.0 Pipeline\working\Minimalus UI 3.0\Altered\GW.EXE_0x436D9C4B.png
0x43FDAAC6|C:\Users\Administrator\Documents\Minimalus UI 3.0 Pipeline\working\Minimalus UI 3.0\Altered\GW.EXE_0x43FDAAC6.dds
0x460798DC|C:\Users\Administrator\Documents\Minimalus UI 3.0 Pipeline\working\Minimalus UI 3.0\Altered\GW.EXE_0x460798DC.dds
0x46E58B8E|C:\Users\Administrator\Documents\Minimalus UI 3.0 Pipeline\working\Minimalus UI 3.0\Altered\GW.EXE_0x46E58B8E.dds
0x49E04D85|C:\Users\Administrator\Documents\Minimalus UI 3.0 Pipeline\working\Minimalus UI 3.0\Altered\GW.EXE_0x49E04D85.png
0x4A63BE04|C:\Users\Administrator\Documents\Minimalus UI 3.0 Pipeline\working\Minimalus UI 3.0\Altered\GW.EXE_0x4A63BE04.dds
0x4C55E968|C:\Users\Administrator\Documents\Minimalus UI 3.0 Pipeline\working\Minimalus UI 3.0\Altered\GW.EXE_0x4C55E968.dds
0x4E5BEB6D|C:\Users\Administrator\Documents\Minimalus UI 3.0 Pipeline\working\Minimalus UI 3.0\Altered\GW.EXE_0x4E5BEB6D.dds
0x52BE3E4B|C:\Users\Administrator\Documents\Minimalus UI 3.0 Pipeline\working\Minimalus UI 3.0\Altered\GW.EXE_0x52BE3E4B.dds
0x540759B0|C:\Users\Administrator\Documents\Minimalus UI 3.0 Pipeline\working\Minimalus UI 3.0\Altered\GW.EXE_0x540759B0.dds
0x54690D7D|C:\Users\Administrator\Documents\Minimalus UI 3.0 Pipeline\working\Minimalus UI 3.0\Altered\GW.EXE_0x54690D7D.dds
0x5D9E8C9C|C:\Users\Administrator\Documents\Minimalus UI 3.0 Pipeline\working\Minimalus UI 3.0\Altered\Gw_T_0X5D9E8C9C.dds
0x5E45D3DE|C:\Users\Administrator\Documents\Minimalus UI 3.0 Pipeline\working\Minimalus UI 3.0\Altered\GW.EXE_0x5E45D3DE.dds
0x60F722F5|C:\Users\Administrator\Documents\Minimalus UI 3.0 Pipeline\working\Minimalus UI 3.0\Altered\GW.EXE_0x60F722F5.dds
0x68342D82|C:\Users\Administrator\Documents\Minimalus UI 3.0 Pipeline\working\Minimalus UI 3.0\Altered\GW.EXE_0x68342D82.dds
0x6F6A90FA|C:\Users\Administrator\Documents\Minimalus UI 3.0 Pipeline\working\Minimalus UI 3.0\Altered\GW.EXE_0x6F6A90FA.dds
0x6F811E8F|C:\Users\Administrator\Documents\Minimalus UI 3.0 Pipeline\working\Minimalus UI 3.0\Altered\GW.EXE_0x6F811E8F.dds
0x7385B9A3|C:\Users\Administrator\Documents\Minimalus UI 3.0 Pipeline\working\Minimalus UI 3.0\Altered\GW.EXE_0x7385B9A3.dds
0x745C6B29|C:\Users\Administrator\Documents\Minimalus UI 3.0 Pipeline\working\Minimalus UI 3.0\Altered\GW.EXE_0x745C6B29.dds
0x753F0FB5|C:\Users\Administrator\Documents\Minimalus UI 3.0 Pipeline\working\Minimalus UI 3.0\Altered\GW.EXE_0x753F0FB5.png
0x7784A6A9|C:\Users\Administrator\Documents\Minimalus UI 3.0 Pipeline\working\Minimalus UI 3.0\Altered\GW.EXE_0x7784A6A9.dds
0x78BB6A2B|C:\Users\Administrator\Documents\Minimalus UI 3.0 Pipeline\working\Minimalus UI 3.0\Altered\GW.EXE_0x78BB6A2B.dds
0x79A97ABA|C:\Users\Administrator\Documents\Minimalus UI 3.0 Pipeline\working\Minimalus UI 3.0\Altered\GW.EXE_0x79A97ABA.dds
0x7B74E5A4|C:\Users\Administrator\Documents\Minimalus UI 3.0 Pipeline\working\Minimalus UI 3.0\Altered\GW.EXE_0x7B74E5A4.dds
0x7B8590A5|C:\Users\Administrator\Documents\Minimalus UI 3.0 Pipeline\working\Minimalus UI 3.0\Altered\GW.EXE_0x7B8590A5.dds
0x7EC6FE0D|C:\Users\Administrator\Documents\Minimalus UI 3.0 Pipeline\working\Minimalus UI 3.0\Altered\GW.EXE_0x7EC6FE0D.dds
0x8043E7EF|C:\Users\Administrator\Documents\Minimalus UI 3.0 Pipeline\working\Minimalus UI 3.0\Altered\GW.EXE_0x8043E7EF.dds
0x833B5913|C:\Users\Administrator\Documents\Minimalus UI 3.0 Pipeline\working\Minimalus UI 3.0\Altered\GW.EXE_0x833B5913.dds
0x86B3F414|C:\Users\Administrator\Documents\Minimalus UI 3.0 Pipeline\working\Minimalus UI 3.0\Altered\GW.EXE_0x86B3F414.dds
0x8719C66C|C:\Users\Administrator\Documents\Minimalus UI 3.0 Pipeline\working\Minimalus UI 3.0\Altered\GW.EXE_0x8719C66C.dds
0x8D93CEAB|C:\Users\Administrator\Documents\Minimalus UI 3.0 Pipeline\working\Minimalus UI 3.0\Altered\GW.EXE_0x8D93CEAB.dds
0x90401EEB|C:\Users\Administrator\Documents\Minimalus UI 3.0 Pipeline\working\Minimalus UI 3.0\Altered\GW.EXE_0x90401EEB.dds
0x93D33431|C:\Users\Administrator\Documents\Minimalus UI 3.0 Pipeline\working\Minimalus UI 3.0\Altered\GW.EXE_0x93D33431.dds
0x97C81F79|C:\Users\Administrator\Documents\Minimalus UI 3.0 Pipeline\working\Minimalus UI 3.0\Altered\GW.EXE_0x97C81F79.dds
0x98C098F5|C:\Users\Administrator\Documents\Minimalus UI 3.0 Pipeline\working\Minimalus UI 3.0\Altered\GW.EXE_0x98C098F5.dds
0x98C1E8FF|C:\Users\Administrator\Documents\Minimalus UI 3.0 Pipeline\working\Minimalus UI 3.0\Altered\Gw_T_0X98C1E8FF.dds
0x9B357240|C:\Users\Administrator\Documents\Minimalus UI 3.0 Pipeline\working\Minimalus UI 3.0\Altered\GW.EXE_0x9B357240.dds
0x9F932B27|C:\Users\Administrator\Documents\Minimalus UI 3.0 Pipeline\working\Minimalus UI 3.0\Altered\GW.EXE_0x9F932B27.dds
0xA01050C5|C:\Users\Administrator\Documents\Minimalus UI 3.0 Pipeline\working\Minimalus UI 3.0\Altered\GW.EXE_0xA01050C5.dds
0xA0629E7F|C:\Users\Administrator\Documents\Minimalus UI 3.0 Pipeline\working\Minimalus UI 3.0\Altered\GW.EXE_0xA0629E7F.png
0xA118FEFB|C:\Users\Administrator\Documents\Minimalus UI 3.0 Pipeline\working\Minimalus UI 3.0\Altered\GW.EXE_0xA118FEFB.dds
0xA45D8891|C:\Users\Administrator\Documents\Minimalus UI 3.0 Pipeline\working\Minimalus UI 3.0\Altered\GW.EXE_0xA45D8891.dds
0xA4B1D07B|C:\Users\Administrator\Documents\Minimalus UI 3.0 Pipeline\working\Minimalus UI 3.0\Altered\GW.EXE_0xA4B1D07B.png
0xA64DBEF0|C:\Users\Administrator\Documents\Minimalus UI 3.0 Pipeline\working\Minimalus UI 3.0\Altered\GW.EXE_0xA64DBEF0.dds
0xA696ECD4|C:\Users\Administrator\Documents\Minimalus UI 3.0 Pipeline\working\Minimalus UI 3.0\Altered\GW.EXE_0xA696ECD4.png
0xA8456DB9|C:\Users\Administrator\Documents\Minimalus UI 3.0 Pipeline\working\Minimalus UI 3.0\Altered\GW.EXE_0xA8456DB9.dds
0xA9BAFBFE|C:\Users\Administrator\Documents\Minimalus UI 3.0 Pipeline\working\Minimalus UI 3.0\Altered\GW.EXE_0xA9BAFBFE.dds
0xB1FBBDA8|C:\Users\Administrator\Documents\Minimalus UI 3.0 Pipeline\working\Minimalus UI 3.0\Altered\GW.EXE_0xB1FBBDA8.dds
0xB2A969E9|C:\Users\Administrator\Documents\Minimalus UI 3.0 Pipeline\working\Minimalus UI 3.0\Altered\GW.EXE_0xB2A969E9.dds
0xB3B5E55E|C:\Users\Administrator\Documents\Minimalus UI 3.0 Pipeline\working\Minimalus UI 3.0\Altered\GW.EXE_0xB3B5E55E.dds
0xB78CD8DE|C:\Users\Administrator\Documents\Minimalus UI 3.0 Pipeline\working\Minimalus UI 3.0\Altered\GW.EXE_0xB78CD8DE.dds
0xB964346B|C:\Users\Administrator\Documents\Minimalus UI 3.0 Pipeline\working\Minimalus UI 3.0\Altered\GW.EXE_0xB964346B.png
0xC6C98166|C:\Users\Administrator\Documents\Minimalus UI 3.0 Pipeline\working\Minimalus UI 3.0\Altered\Gw_T_0XC6C98166.dds
0xC7C874B9|C:\Users\Administrator\Documents\Minimalus UI 3.0 Pipeline\working\Minimalus UI 3.0\Altered\GW.EXE_0xC7C874B9.dds
0xCAED2F87|C:\Users\Administrator\Documents\Minimalus UI 3.0 Pipeline\working\Minimalus UI 3.0\Altered\GW.EXE_0xCAED2F87.dds
0xCB64CC8A|C:\Users\Administrator\Documents\Minimalus UI 3.0 Pipeline\working\Minimalus UI 3.0\Altered\GW.EXE_0xCB64CC8A.dds
0xCB6EC0E8|C:\Users\Administrator\Documents\Minimalus UI 3.0 Pipeline\working\Minimalus UI 3.0\Altered\GW.EXE_0xCB6EC0E8.dds
0xCE8279D3|C:\Users\Administrator\Documents\Minimalus UI 3.0 Pipeline\working\Minimalus UI 3.0\Altered\Gw_T_0XCE8279D3.dds
0xCEB049B0|C:\Users\Administrator\Documents\Minimalus UI 3.0 Pipeline\working\Minimalus UI 3.0\Altered\GW.EXE_0xCEB049B0.dds
0xD1714A21|C:\Users\Administrator\Documents\Minimalus UI 3.0 Pipeline\working\Minimalus UI 3.0\Altered\GW.EXE_0xD1714A21.dds
0xD216FE2F|C:\Users\Administrator\Documents\Minimalus UI 3.0 Pipeline\working\Minimalus UI 3.0\Altered\GW.EXE_0xD216FE2F.dds
0xD2699D64|C:\Users\Administrator\Documents\Minimalus UI 3.0 Pipeline\working\Minimalus UI 3.0\Altered\GW.EXE_0xD2699D64.dds
0xD4D96D10|C:\Users\Administrator\Documents\Minimalus UI 3.0 Pipeline\working\Minimalus UI 3.0\Altered\Gw_T_0XD4D96D10.dds
0xD53EE766|C:\Users\Administrator\Documents\Minimalus UI 3.0 Pipeline\working\Minimalus UI 3.0\Altered\GW.EXE_0xD53EE766.dds
0xD5B137F3|C:\Users\Administrator\Documents\Minimalus UI 3.0 Pipeline\working\Minimalus UI 3.0\Altered\GW.EXE_0xD5B137F3.dds
0xD5E978F0|C:\Users\Administrator\Documents\Minimalus UI 3.0 Pipeline\working\Minimalus UI 3.0\Altered\GW.EXE_0xD5E978F0.dds
0xD7AE3331|C:\Users\Administrator\Documents\Minimalus UI 3.0 Pipeline\working\Minimalus UI 3.0\Altered\GW.EXE_0xD7AE3331.dds
0xD84CFDA9|C:\Users\Administrator\Documents\Minimalus UI 3.0 Pipeline\working\Minimalus UI 3.0\Altered\GW.EXE_0xD84CFDA9.dds
0xD9B07004|C:\Users\Administrator\Documents\Minimalus UI 3.0 Pipeline\working\Minimalus UI 3.0\Altered\GW.EXE_0xD9B07004.dds
0xDC527960|C:\Users\Administrator\Documents\Minimalus UI 3.0 Pipeline\working\Minimalus UI 3.0\Altered\GW.EXE_0xDC527960.dds
0xDD995623|C:\Users\Administrator\Documents\Minimalus UI 3.0 Pipeline\working\Minimalus UI 3.0\Altered\GW.EXE_0xDD995623.dds
0xDE624C8E|C:\Users\Administrator\Documents\Minimalus UI 3.0 Pipeline\working\Minimalus UI 3.0\Altered\GW.EXE_0xDE624C8E.dds
0xDFEDD643|C:\Users\Administrator\Documents\Minimalus UI 3.0 Pipeline\working\Minimalus UI 3.0\Altered\Gw_T_0XDFEDD643.dds
0xE1005932|C:\Users\Administrator\Documents\Minimalus UI 3.0 Pipeline\working\Minimalus UI 3.0\Altered\Gw_T_0XE1005932.dds
0xE1DBE95B|C:\Users\Administrator\Documents\Minimalus UI 3.0 Pipeline\working\Minimalus UI 3.0\Altered\GW.EXE_0xE1DBE95B.dds
0xE571BA79|C:\Users\Administrator\Documents\Minimalus UI 3.0 Pipeline\working\Minimalus UI 3.0\Altered\GW.EXE_0xE571BA79.dds
0xE730F7C3|C:\Users\Administrator\Documents\Minimalus UI 3.0 Pipeline\working\Minimalus UI 3.0\Altered\GW.EXE_0xE730F7C3.dds
0xEBC70C57|C:\Users\Administrator\Documents\Minimalus UI 3.0 Pipeline\working\Minimalus UI 3.0\Altered\GW.EXE_0xEBC70C57.dds
0xEC54DB84|C:\Users\Administrator\Documents\Minimalus UI 3.0 Pipeline\working\Minimalus UI 3.0\Altered\Gw_T_0XEC54DB84.dds
0xEE86F1DF|C:\Users\Administrator\Documents\Minimalus UI 3.0 Pipeline\working\Minimalus UI 3.0\Altered\GW.EXE_0xEE86F1DF.dds
0xF15E62FE|C:\Users\Administrator\Documents\Minimalus UI 3.0 Pipeline\working\Minimalus UI 3.0\Altered\GW.EXE_0xF15E62FE.dds
0xF4CEF6A5|C:\Users\Administrator\Documents\Minimalus UI 3.0 Pipeline\working\Minimalus UI 3.0\Altered\GW.EXE_0xF4CEF6A5.dds
0xF643F278|C:\Users\Administrator\Documents\Minimalus UI 3.0 Pipeline\working\Minimalus UI 3.0\Altered\Gw_T_0XF643F278.dds
0xF68E3115|C:\Users\Administrator\Documents\Minimalus UI 3.0 Pipeline\working\Minimalus UI 3.0\Altered\GW.EXE_0xF68E3115.dds
0xF820FC56|C:\Users\Administrator\Documents\Minimalus UI 3.0 Pipeline\working\Minimalus UI 3.0\Altered\GW.EXE_0xF820FC56.dds
0xF990ABA6|C:\Users\Administrator\Documents\Minimalus UI 3.0 Pipeline\working\Minimalus UI 3.0\Altered\GW.EXE_0xF990ABA6.dds
0xFF01FCFF|C:\Users\Administrator\Documents\Minimalus UI 3.0 Pipeline\working\Minimalus UI 3.0\Altered\GW.EXE_0xFF01FCFF.dds
0x6EFCAC11|C:\Users\Administrator\Documents\Minimalus UI 3.0 Pipeline\working\Minimalus UI 3.0\Altered\GW.EXE_0x6EFCAC11.png
0xB4854F14|C:\Users\Administrator\Documents\Minimalus UI 3.0 Pipeline\working\Minimalus UI 3.0\Altered\GW.EXE_0xB4854F14.png
0x33CAF3E2|C:\Users\Administrator\Documents\Minimalus UI 3.0 Pipeline\working\Minimalus UI 3.0\Altered\AndroidMobile_256x32_33caf3e2_tex20196_20260702_172704.dds
